# JRE version: OpenJDK Runtime Environment (17.0.6) (build 17.0.6+0-b2043.56-9586694)
# Java VM: OpenJDK 64-Bit Server VM (17.0.6+0-b2043.56-9586694, mixed mode, tiered, compressed oops, compressed class ptrs, g1 gc, windows-amd64)
GC Precious Log:
 CPUs: 8 total, 8 available
 Memory: 8071M
 Large Page Support: Disabled
 NUMA Support: Disabled
 Compressed Oops: Enabled (32-bit)
 Heap Region Size: 1M
 Heap Min Capacity: 8M
 Heap Initial Capacity: 128M
 Heap Max Capacity: 2G
 Pre-touch: Disabled
 Parallel Workers: 8
 Concurrent Workers: 2
 Concurrent Refinement Workers: 8
 Periodic GC: Disabled
Heap:
 garbage-first heap   total 467968K, used 272075K [0x0000000080000000, 0x0000000100000000)
  region size 1024K, 10 young (10240K), 10 survivors (10240K)
 Metaspace       used 167157K, committed 168576K, reserved 1196032K
  class space    used 22192K, committed 22912K, reserved 1048576K
GC Heap History (20 events):
Event: 361.687 GC heap after
{Heap after GC invocations=101 (full 0):
 garbage-first heap   total 439296K, used 242632K [0x0000000080000000, 0x0000000100000000)
  region size 1024K, 2 young (2048K), 2 survivors (2048K)
 Metaspace       used 143753K, committed 145024K, reserved 1179648K
  class space    used 18925K, committed 19520K, reserved 1048576K
}
Event: 364.181 GC heap before
{Heap before GC invocations=101 (full 0):
 garbage-first heap   total 439296K, used 339912K [0x0000000080000000, 0x0000000100000000)
  region size 1024K, 99 young (101376K), 2 survivors (2048K)
 Metaspace       used 156651K, committed 157952K, reserved 1187840K
  class space    used 20985K, committed 21632K, reserved 1048576K
}
Event: 364.205 GC heap after
{Heap after GC invocations=102 (full 0):
 garbage-first heap   total 439296K, used 248490K [0x0000000080000000, 0x0000000100000000)
  region size 1024K, 8 young (8192K), 8 survivors (8192K)
 Metaspace       used 156651K, committed 157952K, reserved 1187840K
  class space    used 20985K, committed 21632K, reserved 1048576K
}
Event: 365.346 GC heap before
{Heap before GC invocations=103 (full 0):
 garbage-first heap   total 467968K, used 367274K [0x0000000080000000, 0x0000000100000000)
  region size 1024K, 123 young (125952K), 8 survivors (8192K)
 Metaspace       used 156975K, committed 158336K, reserved 1187840K
  class space    used 20992K, committed 21632K, reserved 1048576K
}
Event: 365.365 GC heap after
{Heap after GC invocations=104 (full 0):
 garbage-first heap   total 467968K, used 252708K [0x0000000080000000, 0x0000000100000000)
  region size 1024K, 11 young (11264K), 11 survivors (11264K)
 Metaspace       used 156975K, committed 158336K, reserved 1187840K
  class space    used 20992K, committed 21632K, reserved 1048576K
}
Event: 365.452 GC heap before
{Heap before GC invocations=104 (full 0):
 garbage-first heap   total 467968K, used 263972K [0x0000000080000000, 0x0000000100000000)
  region size 1024K, 22 young (22528K), 11 survivors (11264K)
 Metaspace       used 156975K, committed 158336K, reserved 1187840K
  class space    used 20992K, committed 21632K, reserved 1048576K
}
Event: 365.500 GC heap after
{Heap after GC invocations=105 (full 0):
 garbage-first heap   total 467968K, used 245962K [0x0000000080000000, 0x0000000100000000)
  region size 1024K, 1 young (1024K), 1 survivors (1024K)
 Metaspace       used 156975K, committed 158336K, reserved 1187840K
  class space    used 20992K, committed 21632K, reserved 1048576K
}
Event: 366.874 GC heap before
{Heap before GC invocations=105 (full 0):
 garbage-first heap   total 467968K, used 379082K [0x0000000080000000, 0x0000000100000000)
  region size 1024K, 131 young (134144K), 1 survivors (1024K)
 Metaspace       used 158221K, committed 159552K, reserved 1187840K
  class space    used 21098K, committed 21760K, reserved 1048576K
}
Event: 366.890 GC heap after
{Heap after GC invocations=106 (full 0):
 garbage-first heap   total 467968K, used 245058K [0x0000000080000000, 0x0000000100000000)
  region size 1024K, 3 young (3072K), 3 survivors (3072K)
 Metaspace       used 158221K, committed 159552K, reserved 1187840K
  class space    used 21098K, committed 21760K, reserved 1048576K
}
Event: 370.350 GC heap before
{Heap before GC invocations=107 (full 0):
 garbage-first heap   total 467968K, used 379000K [0x0000000080000000, 0x0000000100000000)
  region size 1024K, 136 young (139264K), 3 survivors (3072K)
 Metaspace       used 160394K, committed 161664K, reserved 1196032K
  class space    used 21366K, committed 22016K, reserved 1048576K
}
Event: 370.363 GC heap after
{Heap after GC invocations=108 (full 0):
 garbage-first heap   total 467968K, used 252312K [0x0000000080000000, 0x0000000100000000)
  region size 1024K, 11 young (11264K), 11 survivors (11264K)
 Metaspace       used 160394K, committed 161664K, reserved 1196032K
  class space    used 21366K, committed 22016K, reserved 1048576K
}
Event: 370.388 GC heap before
{Heap before GC invocations=108 (full 0):
 garbage-first heap   total 467968K, used 262552K [0x0000000080000000, 0x0000000100000000)
  region size 1024K, 22 young (22528K), 11 survivors (11264K)
 Metaspace       used 160399K, committed 161728K, reserved 1196032K
  class space    used 21366K, committed 22016K, reserved 1048576K
}
Event: 370.415 GC heap after
{Heap after GC invocations=109 (full 0):
 garbage-first heap   total 467968K, used 246192K [0x0000000080000000, 0x0000000100000000)
  region size 1024K, 2 young (2048K), 2 survivors (2048K)
 Metaspace       used 160399K, committed 161728K, reserved 1196032K
  class space    used 21366K, committed 22016K, reserved 1048576K
}
Event: 371.293 GC heap before
{Heap before GC invocations=109 (full 0):
 garbage-first heap   total 467968K, used 382384K [0x0000000080000000, 0x0000000100000000)
  region size 1024K, 136 young (139264K), 2 survivors (2048K)
 Metaspace       used 160948K, committed 162304K, reserved 1196032K
  class space    used 21404K, committed 22080K, reserved 1048576K
}
Event: 371.319 GC heap after
{Heap after GC invocations=110 (full 0):
 garbage-first heap   total 467968K, used 249277K [0x0000000080000000, 0x0000000100000000)
  region size 1024K, 5 young (5120K), 5 survivors (5120K)
 Metaspace       used 160948K, committed 162304K, reserved 1196032K
  class space    used 21404K, committed 22080K, reserved 1048576K
}
Event: 435.175 GC heap before
{Heap before GC invocations=111 (full 0):
 garbage-first heap   total 467968K, used 386493K [0x0000000080000000, 0x0000000100000000)
  region size 1024K, 140 young (143360K), 5 survivors (5120K)
 Metaspace       used 164474K, committed 165824K, reserved 1196032K
  class space    used 21874K, committed 22528K, reserved 1048576K
}
Event: 435.234 GC heap after
{Heap after GC invocations=112 (full 0):
 garbage-first heap   total 467968K, used 265464K [0x0000000080000000, 0x0000000100000000)
  region size 1024K, 18 young (18432K), 18 survivors (18432K)
 Metaspace       used 164474K, committed 165824K, reserved 1196032K
  class space    used 21874K, committed 22528K, reserved 1048576K
}
Event: 435.314 GC heap before
{Heap before GC invocations=112 (full 0):
 garbage-first heap   total 467968K, used 269560K [0x0000000080000000, 0x0000000100000000)
  region size 1024K, 22 young (22528K), 18 survivors (18432K)
 Metaspace       used 164631K, committed 166016K, reserved 1196032K
  class space    used 21901K, committed 22592K, reserved 1048576K
}
Event: 435.380 GC heap after
{Heap after GC invocations=113 (full 0):
 garbage-first heap   total 467968K, used 264685K [0x0000000080000000, 0x0000000100000000)
  region size 1024K, 3 young (3072K), 3 survivors (3072K)
 Metaspace       used 164631K, committed 166016K, reserved 1196032K
  class space    used 21901K, committed 22592K, reserved 1048576K
}
Event: 436.611 GC heap before
{Heap before GC invocations=113 (full 0):
 garbage-first heap   total 467968K, used 315885K [0x0000000080000000, 0x0000000100000000)
  region size 1024K, 55 young (56320K), 3 survivors (3072K)
 Metaspace       used 167157K, committed 168576K, reserved 1196032K
  class space    used 22192K, committed 22912K, reserved 1048576K
}

