# JRE version: OpenJDK Runtime Environment (17.0.6) (build 17.0.6+0-b2043.56-9586694)
# Java VM: OpenJDK 64-Bit Server VM (17.0.6+0-b2043.56-9586694, mixed mode, tiered, compressed oops, compressed class ptrs, g1 gc, windows-amd64)
GC Precious Log:
 CPUs: 8 total, 8 available
 Memory: 8071M
 Large Page Support: Disabled
 NUMA Support: Disabled
 Compressed Oops: Enabled (32-bit)
 Heap Region Size: 1M
 Heap Min Capacity: 8M
 Heap Initial Capacity: 128M
 Heap Max Capacity: 2G
 Pre-touch: Disabled
 Parallel Workers: 8
 Concurrent Workers: 2
 Concurrent Refinement Workers: 8
 Periodic GC: Disabled
Heap:
 garbage-first heap   total 369664K, used 294320K [0x0000000080000000, 0x0000000100000000)
  region size 1024K, 10 young (10240K), 7 survivors (7168K)
 Metaspace       used 105185K, committed 105920K, reserved 1146880K
  class space    used 13894K, committed 14272K, reserved 1048576K
GC Heap History (20 events):
Event: 98.652 GC heap before
{Heap before GC invocations=66 (full 0):
 garbage-first heap   total 235520K, used 180558K [0x0000000080000000, 0x0000000100000000)
  region size 1024K, 35 young (35840K), 2 survivors (2048K)
 Metaspace       used 99317K, committed 99968K, reserved 1138688K
  class space    used 13411K, committed 13696K, reserved 1048576K
}
Event: 98.666 GC heap after
{Heap after GC invocations=67 (full 0):
 garbage-first heap   total 235520K, used 144684K [0x0000000080000000, 0x0000000100000000)
  region size 1024K, 5 young (5120K), 5 survivors (5120K)
 Metaspace       used 99317K, committed 99968K, reserved 1138688K
  class space    used 13411K, committed 13696K, reserved 1048576K
}
Event: 99.809 GC heap before
{Heap before GC invocations=67 (full 0):
 garbage-first heap   total 235520K, used 194860K [0x0000000080000000, 0x0000000100000000)
  region size 1024K, 33 young (33792K), 5 survivors (5120K)
 Metaspace       used 99429K, committed 100096K, reserved 1138688K
  class space    used 13420K, committed 13696K, reserved 1048576K
}
Event: 99.825 GC heap after
{Heap after GC invocations=68 (full 0):
 garbage-first heap   total 235520K, used 156955K [0x0000000080000000, 0x0000000100000000)
  region size 1024K, 5 young (5120K), 5 survivors (5120K)
 Metaspace       used 99429K, committed 100096K, reserved 1138688K
  class space    used 13420K, committed 13696K, reserved 1048576K
}
Event: 100.198 GC heap before
{Heap before GC invocations=68 (full 0):
 garbage-first heap   total 235520K, used 188699K [0x0000000080000000, 0x0000000100000000)
  region size 1024K, 32 young (32768K), 5 survivors (5120K)
 Metaspace       used 99813K, committed 100480K, reserved 1138688K
  class space    used 13451K, committed 13760K, reserved 1048576K
}
Event: 100.208 GC heap after
{Heap after GC invocations=69 (full 0):
 garbage-first heap   total 235520K, used 158255K [0x0000000080000000, 0x0000000100000000)
  region size 1024K, 4 young (4096K), 4 survivors (4096K)
 Metaspace       used 99813K, committed 100480K, reserved 1138688K
  class space    used 13451K, committed 13760K, reserved 1048576K
}
Event: 100.399 GC heap before
{Heap before GC invocations=69 (full 0):
 garbage-first heap   total 235520K, used 186926K [0x0000000080000000, 0x0000000100000000)
  region size 1024K, 32 young (32768K), 4 survivors (4096K)
 Metaspace       used 100764K, committed 101440K, reserved 1138688K
  class space    used 13539K, committed 13888K, reserved 1048576K
}
Event: 100.407 GC heap after
{Heap after GC invocations=70 (full 0):
 garbage-first heap   total 235520K, used 165165K [0x0000000080000000, 0x0000000100000000)
  region size 1024K, 4 young (4096K), 4 survivors (4096K)
 Metaspace       used 100764K, committed 101440K, reserved 1138688K
  class space    used 13539K, committed 13888K, reserved 1048576K
}
Event: 100.893 GC heap before
{Heap before GC invocations=70 (full 0):
 garbage-first heap   total 235520K, used 189741K [0x0000000080000000, 0x0000000100000000)
  region size 1024K, 29 young (29696K), 4 survivors (4096K)
 Metaspace       used 103336K, committed 104128K, reserved 1146880K
  class space    used 13752K, committed 14144K, reserved 1048576K
}
Event: 100.902 GC heap after
{Heap after GC invocations=71 (full 0):
 garbage-first heap   total 235520K, used 168491K [0x0000000080000000, 0x0000000100000000)
  region size 1024K, 3 young (3072K), 3 survivors (3072K)
 Metaspace       used 103336K, committed 104128K, reserved 1146880K
  class space    used 13752K, committed 14144K, reserved 1048576K
}
Event: 101.129 GC heap before
{Heap before GC invocations=71 (full 0):
 garbage-first heap   total 235520K, used 194091K [0x0000000080000000, 0x0000000100000000)
  region size 1024K, 28 young (28672K), 3 survivors (3072K)
 Metaspace       used 103480K, committed 104256K, reserved 1146880K
  class space    used 13752K, committed 14144K, reserved 1048576K
}
Event: 101.133 GC heap after
{Heap after GC invocations=72 (full 0):
 garbage-first heap   total 235520K, used 169961K [0x0000000080000000, 0x0000000100000000)
  region size 1024K, 2 young (2048K), 2 survivors (2048K)
 Metaspace       used 103480K, committed 104256K, reserved 1146880K
  class space    used 13752K, committed 14144K, reserved 1048576K
}
Event: 101.380 GC heap before
{Heap before GC invocations=72 (full 0):
 garbage-first heap   total 235520K, used 194537K [0x0000000080000000, 0x0000000100000000)
  region size 1024K, 27 young (27648K), 2 survivors (2048K)
 Metaspace       used 103847K, committed 104576K, reserved 1146880K
  class space    used 13780K, committed 14144K, reserved 1048576K
}
Event: 101.386 GC heap after
{Heap after GC invocations=73 (full 0):
 garbage-first heap   total 235520K, used 169938K [0x0000000080000000, 0x0000000100000000)
  region size 1024K, 2 young (2048K), 2 survivors (2048K)
 Metaspace       used 103847K, committed 104576K, reserved 1146880K
  class space    used 13780K, committed 14144K, reserved 1048576K
}
Event: 101.683 GC heap before
{Heap before GC invocations=73 (full 0):
 garbage-first heap   total 235520K, used 196562K [0x0000000080000000, 0x0000000100000000)
  region size 1024K, 29 young (29696K), 2 survivors (2048K)
 Metaspace       used 104081K, committed 104832K, reserved 1146880K
  class space    used 13800K, committed 14144K, reserved 1048576K
}
Event: 101.689 GC heap after
{Heap after GC invocations=74 (full 0):
 garbage-first heap   total 282624K, used 171626K [0x0000000080000000, 0x0000000100000000)
  region size 1024K, 4 young (4096K), 4 survivors (4096K)
 Metaspace       used 104081K, committed 104832K, reserved 1146880K
  class space    used 13800K, committed 14144K, reserved 1048576K
}
Event: 104.169 GC heap before
{Heap before GC invocations=74 (full 0):
 garbage-first heap   total 282624K, used 219754K [0x0000000080000000, 0x0000000100000000)
  region size 1024K, 53 young (54272K), 4 survivors (4096K)
 Metaspace       used 104721K, committed 105472K, reserved 1146880K
  class space    used 13844K, committed 14208K, reserved 1048576K
}
Event: 104.175 GC heap after
{Heap after GC invocations=75 (full 0):
 garbage-first heap   total 282624K, used 173051K [0x0000000080000000, 0x0000000100000000)
  region size 1024K, 5 young (5120K), 5 survivors (5120K)
 Metaspace       used 104721K, committed 105472K, reserved 1146880K
  class space    used 13844K, committed 14208K, reserved 1048576K
}
Event: 106.043 GC heap before
{Heap before GC invocations=75 (full 0):
 garbage-first heap   total 301056K, used 275451K [0x0000000080000000, 0x0000000100000000)
  region size 1024K, 40 young (40960K), 5 survivors (5120K)
 Metaspace       used 104880K, committed 105600K, reserved 1146880K
  class space    used 13855K, committed 14208K, reserved 1048576K
}
Event: 106.052 GC heap after
{Heap after GC invocations=76 (full 0):
 garbage-first heap   total 301056K, used 244144K [0x0000000080000000, 0x0000000100000000)
  region size 1024K, 7 young (7168K), 7 survivors (7168K)
 Metaspace       used 104880K, committed 105600K, reserved 1146880K
  class space    used 13855K, committed 14208K, reserved 1048576K
}

